<?xml version="1.0" encoding="UTF-8"?>
<!-- Generated by org.testng.reporters.JUnitXMLReporter -->
<testsuite ignored="0" hostname="V841763-W101" failures="0" tests="4" name="Default test" time="8.157" errors="0" timestamp="2023-09-26T18:47:27 IST">
  <testcase classname="api.test.UserTest" name="testPostUser" time="3.304"/>
  <testcase classname="api.test.UserTest" name="testGetUserByname" time="1.165"/>
  <testcase classname="api.test.UserTest" name="testUpdateUserByName" time="2.253"/>
  <testcase classname="api.test.UserTest" name="testDeleteUserByname" time="1.143"/>
</testsuite> <!-- Default test -->
