<?xml version="1.0" encoding="UTF-8"?>
<!-- Generated by org.testng.reporters.JUnitXMLReporter -->
<testsuite ignored="0" hostname="V841763-W101" failures="0" tests="4" name="Default test" time="18.173" errors="0" timestamp="2023-09-20T19:03:04 IST">
  <testcase classname="api.test.UserTest" name="testPostUser" time="7.553"/>
  <testcase classname="api.test.UserTest" name="testGetUserByname" time="2.645"/>
  <testcase classname="api.test.UserTest" name="testUpdateUserByName" time="5.011"/>
  <testcase classname="api.test.UserTest" name="testDeleteUserByname" time="2.601"/>
</testsuite> <!-- Default test -->
