<?xml version="1.0" encoding="UTF-8"?>
<!-- Generated by org.testng.reporters.JUnitXMLReporter -->
<testsuite ignored="0" hostname="V841763-W101" failures="0" tests="4" name="Test" time="11.968" errors="0" timestamp="2023-09-26T18:48:51 IST">
  <testcase classname="api.test.UserTest" name="testPostUser" time="6.022"/>
  <testcase classname="api.test.UserTest" name="testGetUserByname" time="1.128"/>
  <testcase classname="api.test.UserTest" name="testUpdateUserByName" time="2.258"/>
  <testcase classname="api.test.UserTest" name="testDeleteUserByname" time="1.128"/>
</testsuite> <!-- Test -->
