<?xml version="1.0" encoding="UTF-8"?>
<!-- Generated by org.testng.reporters.JUnitXMLReporter -->
<testsuite ignored="0" hostname="V841763-W101" failures="0" tests="4" name="Test" time="13.413" errors="0" timestamp="2023-09-21T01:36:02 IST">
  <testcase classname="api.test.UserTest" name="testPostUser" time="5.937"/>
  <testcase classname="api.test.UserTest" name="testGetUserByname" time="1.581"/>
  <testcase classname="api.test.UserTest" name="testUpdateUserByName" time="3.167"/>
  <testcase classname="api.test.UserTest" name="testDeleteUserByname" time="1.425"/>
</testsuite> <!-- Test -->
